(---------------------------------------------------------------------)
(                                                                     )
(    Allegro Netrev Import Logic                                      )
(                                                                     )
(    Drawing          : mainBoard.brd                                 )
(    Software Version : 16.6P004                                      )
(    Date/Time        : Wed May 24 15:20:59 2017                      )
(                                                                     )
(---------------------------------------------------------------------)


------ Directives ------

RIPUP_ETCH FALSE;
RIPUP_DELETE_FIRST_SEGMENT FALSE;
RIPUP_RETAIN_BONDWIRE FALSE;
RIPUP_SYMBOLS ALWAYS;
Missing symbol has error FALSE;
SCHEMATIC_DIRECTORY 'D:/New folder/Thietke1/Schematic/allegro';
BOARD_DIRECTORY '';
OLD_BOARD_NAME 'mainBoard.brd';
NEW_BOARD_NAME 'mainBoard.brd';

CmdLine: netrev -$ -i D:/New folder/Thietke1/Schematic/allegro -y 1 C:/Users/NhatThanh/Desktop/CC3200board/#Taaaaad05228.tmp

------ Preparing to read pst files ------

Starting to read D:/New folder/Thietke1/Schematic/allegro/pstchip.dat 
   Finished reading D:/New folder/Thietke1/Schematic/allegro/pstchip.dat (00:00:00.05)
Starting to read D:/New folder/Thietke1/Schematic/allegro/pstxprt.dat 
   Finished reading D:/New folder/Thietke1/Schematic/allegro/pstxprt.dat (00:00:00.00)
Starting to read D:/New folder/Thietke1/Schematic/allegro/pstxnet.dat 
   Finished reading D:/New folder/Thietke1/Schematic/allegro/pstxnet.dat (00:00:00.00)

------ Oversights/Warnings/Errors ------


------ Library Paths ------
MODULEPATH =  . 
           D:/Cadance/SPB_16.6/share/local/pcb/modules 

PSMPATH =  . 
           symbols 
           .. 
           ../symbols 
           D:/Cadance/SPB_16.6/share/local/pcb/symbols 
           D:/Cadance/SPB_16.6/share/pcb/pcb_lib/symbols 
           D:/Cadance/SPB_16.6/share/pcb/allegrolib/symbols 

PADPATH =  . 
           symbols 
           .. 
           ../symbols 
           D:/Cadance/SPB_16.6/share/local/pcb/padstacks 
           D:/Cadance/SPB_16.6/share/pcb/pcb_lib/symbols 
           D:/Cadance/SPB_16.6/share/pcb/allegrolib/symbols 


------ Summary Statistics ------


netrev run on May 24 15:20:59 2017
   DESIGN NAME : 'PROJECT1'
   PACKAGING ON Sep 10 2012 04:46:09

   COMPILE 'logic'
   CHECK_PIN_NAMES OFF
   CROSS_REFERENCE OFF
   FEEDBACK OFF
   INCREMENTAL OFF
   INTERFACE_TYPE PHYSICAL
   MAX_ERRORS 500
   MERGE_MINIMUM 5
   NET_NAME_CHARS '#%&()*+-./:=>?@[]^_`|'
   NET_NAME_LENGTH 24
   OVERSIGHTS ON
   REPLACE_CHECK OFF
   SINGLE_NODE_NETS ON
   SPLIT_MINIMUM 0
   SUPPRESS   20
   WARNINGS ON

 No error detected
 No oversight detected
 No warning detected

cpu time      0:00:44
elapsed time  0:00:00

