(---------------------------------------------------------------------)
(                                                                     )
(    Allegro Netrev Import Logic                                      )
(                                                                     )
(    Drawing          : mainFinal.brd                                 )
(    Software Version : 16.6P004                                      )
(    Date/Time        : Mon Mar 27 16:48:47 2017                      )
(                                                                     )
(---------------------------------------------------------------------)


------ Directives ------

RIPUP_ETCH FALSE;
RIPUP_DELETE_FIRST_SEGMENT FALSE;
RIPUP_RETAIN_BONDWIRE FALSE;
RIPUP_SYMBOLS ALWAYS;
Missing symbol has error FALSE;
SCHEMATIC_DIRECTORY 'C:\USERS\NHATTHANH\DESKTOP\NEW FOLDER\THIETKE1\SCHEMATIC\ALLEGRO';
BOARD_DIRECTORY 'C:/Users/NhatThanh/Desktop/New folder/Thietke1/PCBdesign';
OLD_BOARD_NAME 'C:/Users/NhatThanh/Desktop/New folder/Thietke1/PCBdesign/mainFinal.brd';
NEW_BOARD_NAME 'C:/Users/NhatThanh/Desktop/New folder/Thietke1/PCBdesign/mainFinal.brd';

CmdLine: netrev.exe -y 1 -i C:\USERS\NHATTHANH\DESKTOP\NEW FOLDER\THIETKE1\SCHEMATIC\ALLEGRO C:\Users\NhatThanh\Desktop\New folder\Thietke1\PCBdesign\mainFinal.brd C:\Users\NhatThanh\Desktop\New folder\Thietke1\PCBdesign\mainFinal.brd

------ Preparing to read pst files ------

Starting to read C:/USERS/NHATTHANH/DESKTOP/NEW FOLDER/THIETKE1/SCHEMATIC/ALLEGRO/pstchip.dat 
   Finished reading C:/USERS/NHATTHANH/DESKTOP/NEW FOLDER/THIETKE1/SCHEMATIC/ALLEGRO/pstchip.dat (00:00:00.07)
Starting to read C:/USERS/NHATTHANH/DESKTOP/NEW FOLDER/THIETKE1/SCHEMATIC/ALLEGRO/pstxprt.dat 
   Finished reading C:/USERS/NHATTHANH/DESKTOP/NEW FOLDER/THIETKE1/SCHEMATIC/ALLEGRO/pstxprt.dat (00:00:00.00)
Starting to read C:/USERS/NHATTHANH/DESKTOP/NEW FOLDER/THIETKE1/SCHEMATIC/ALLEGRO/pstxnet.dat 
   Finished reading C:/USERS/NHATTHANH/DESKTOP/NEW FOLDER/THIETKE1/SCHEMATIC/ALLEGRO/pstxnet.dat (00:00:00.00)

------ Oversights/Warnings/Errors ------


------ Library Paths ------
MODULEPATH =  . 
           C:/Cadence/SPB_16.6/share/local/pcb/modules 
           G:/backup/fp/footprint/ 

PSMPATH =  . 
           symbols 
           .. 
           ../symbols 
           C:/Cadence/SPB_16.6/share/local/pcb/symbols 
           C:/Cadence/SPB_16.6/share/pcb/pcb_lib/symbols 
           C:/Cadence/SPB_16.6/share/pcb/allegrolib/symbols 
           G:/backup/fp/footprint/ 

PADPATH =  . 
           symbols 
           .. 
           ../symbols 
           C:/Cadence/SPB_16.6/share/local/pcb/padstacks 
           C:/Cadence/SPB_16.6/share/pcb/pcb_lib/symbols 
           C:/Cadence/SPB_16.6/share/pcb/allegrolib/symbols 
           G:/backup/fp/pad/ 


------ Summary Statistics ------


netrev run on Mar 27 16:48:47 2017
   DESIGN NAME : 'PROJECT1'
   PACKAGING ON Sep 10 2012 04:46:09

   COMPILE 'logic'
   CHECK_PIN_NAMES OFF
   CROSS_REFERENCE OFF
   FEEDBACK OFF
   INCREMENTAL OFF
   INTERFACE_TYPE PHYSICAL
   MAX_ERRORS 500
   MERGE_MINIMUM 5
   NET_NAME_CHARS '#%&()*+-./:=>?@[]^_`|'
   NET_NAME_LENGTH 24
   OVERSIGHTS ON
   REPLACE_CHECK OFF
   SINGLE_NODE_NETS ON
   SPLIT_MINIMUM 0
   SUPPRESS   20
   WARNINGS ON

 No error detected
 No oversight detected
 No warning detected

cpu time      0:04:05
elapsed time  0:00:02

